[debug] [2018-10-25T05:03:20.478Z] ----------------------------------------------------------------------
[debug] [2018-10-25T05:03:20.481Z] Command:       C:\Program Files\nodejs\node.exe C:\Users\Keji\AppData\Roaming\npm\node_modules\firebase-tools\bin\firebase serve
[debug] [2018-10-25T05:03:20.481Z] CLI Version:   4.2.1
[debug] [2018-10-25T05:03:20.481Z] Platform:      win32
[debug] [2018-10-25T05:03:20.481Z] Node Version:  v8.11.3
[debug] [2018-10-25T05:03:20.482Z] Time:          Thu Oct 25 2018 13:03:20 GMT+0800 (Malay Peninsula Standard Time)
[debug] [2018-10-25T05:03:20.482Z] ----------------------------------------------------------------------
[debug] 
[debug] [2018-10-25T05:03:20.498Z] > command requires scopes: ["email","openid","https://www.googleapis.com/auth/cloudplatformprojects.readonly","https://www.googleapis.com/auth/firebase","https://www.googleapis.com/auth/cloud-platform"]
[debug] [2018-10-25T05:03:20.498Z] > authorizing via signed-in user
[debug] [2018-10-25T05:03:20.501Z] > refreshing access token with scopes: ["email","https://www.googleapis.com/auth/cloud-platform","https://www.googleapis.com/auth/cloudplatformprojects.readonly","https://www.googleapis.com/auth/firebase","openid"]
[debug] [2018-10-25T05:03:20.501Z] >>> HTTP REQUEST POST https://www.googleapis.com/oauth2/v3/token  

[debug] [2018-10-25T05:03:23.621Z] <<< HTTP RESPONSE 200
[debug] [2018-10-25T05:03:23.627Z] >>> HTTP REQUEST GET https://admin.firebase.com/v1/projects/classrecordsystem-f6067  
 
[debug] [2018-10-25T05:03:24.758Z] <<< HTTP RESPONSE 200
[debug] [2018-10-25T05:03:24.759Z] >>> HTTP REQUEST GET https://cloudresourcemanager.googleapis.com/v1/projects/classrecordsystem-f6067  
 
[debug] [2018-10-25T05:03:26.043Z] <<< HTTP RESPONSE 200
[info] 
[info] === Serving from 'C:\Users\Keji\classrecordSystem\ClassRecordSystemWeb'...
[info] 
[debug] [2018-10-25T05:03:26.045Z] >>> HTTP REQUEST GET https://mobilesdk-pa.googleapis.com/v1/projects/345531015638/clients/_:getWebAppConfig  
 
[debug] [2018-10-25T05:03:27.535Z] <<< HTTP RESPONSE 200
[info] i  hosting[classrecordsystem-f6067]: Serving hosting files from: public
[info] +  hosting[classrecordsystem-f6067]: Local server: http://localhost:5000
